alsa-utils
arc-gtk-theme
auracle-git
aurutils
bspwm
cmake
compton
dex
dunst
feh
figlet
firefox
fzf
glances
gnome-themes-standard
gucharmap
hexchat
imagemagick
ipython
jq
julia
lxsession
mesa
meson
neofetch
neovim
nodejs
npm
otf-hermit
otf-overpass
paper-icon-theme
pcmanfm
polybar
python2-neovim
python-click
python-gobject
python-neovim
python-pylint
python-virtualenv
python-virtualenvwrapper
python-xdg
qbittorrent
qt5ct
reflector
ripgrep
rofi
ruby
spotify
stow
sxhkd
tcharmap-git
termite
texlive-most
texstudio
tmux
tree
trizen
ttf-roboto
ttf-roboto-mono
vim
visual-studio-code-bin
wmctrl
xclip
xdg-utils
xorg-server
xorg-xinit
xorg-xprop
xorg-xrandr
xorg-xsetroot
xwinmosaic-git
zplug
zsh
