alsa-utils
awesome
bspwm
cmake
compton
dex
dia
dunst
evince
feh
figlet
firefox
fzf
glances
gnome-themes-standard
gparted
gucharmap
hexchat
imagemagick
jq
julia
libx264
lxsession
meson
mpv
ncdu
neovim
nmon
nodejs
npm
ntfs-3g
otf-overpass
papirus-icon-theme
parted
pcmanfm-gtk3
psutils
pulseaudio-alsa
python2-neovim
python-click
python-gobject
python-neovim
python-pylint
python-virtualenvwrapper
python-xdg
qbittorrent
qt5ct
qt5-styleplugins
redshift
rofi
stow
sxhkd
termite
texlive-science
texstudio
tmux
tree
ttf-droid
ttf-roboto
unzip
virtualbox
virtualbox-guest-iso
virtualbox-host-modules-arch
vlc
wget
wmctrl
xclip
xdg-user-dirs
xdg-utils
xfce4-appfinder
xfce4-pulseaudio-plugin
xfce4-session
xfce4-settings
xorg-server
xorg-xinit
xorg-xinput
xorg-xprop
xorg-xsetroot
zsh
